<?xml version="1.0" encoding="UTF-8"?>
<testsuite name="com.simpleims.DefinitionTestSuite" time="0.08" tests="19" errors="0" skipped="11" failures="0">
  <properties>
    <property name="java.runtime.name" value="Java(TM) SE Runtime Environment"/>
    <property name="sun.boot.library.path" value="C:\Program Files (x86)\Java\jdk1.8.0_111\jre\bin"/>
    <property name="java.vm.version" value="25.111-b14"/>
    <property name="java.vm.vendor" value="Oracle Corporation"/>
    <property name="maven.multiModuleProjectDirectory" value="C:\Users\linfante\Documents\Repos\simpleimsautomation"/>
    <property name="java.vendor.url" value="http://java.oracle.com/"/>
    <property name="path.separator" value=";"/>
    <property name="guice.disable.misplaced.annotation.check" value="true"/>
    <property name="java.vm.name" value="Java HotSpot(TM) Client VM"/>
    <property name="file.encoding.pkg" value="sun.io"/>
    <property name="user.script" value=""/>
    <property name="user.country" value="US"/>
    <property name="sun.java.launcher" value="SUN_STANDARD"/>
    <property name="sun.os.patch.level" value=""/>
    <property name="java.vm.specification.name" value="Java Virtual Machine Specification"/>
    <property name="user.dir" value="C:\Users\linfante\Documents\Repos\simpleimsautomation"/>
    <property name="java.runtime.version" value="1.8.0_111-b14"/>
    <property name="java.awt.graphicsenv" value="sun.awt.Win32GraphicsEnvironment"/>
    <property name="java.endorsed.dirs" value="C:\Program Files (x86)\Java\jdk1.8.0_111\jre\lib\endorsed"/>
    <property name="os.arch" value="x86"/>
    <property name="java.io.tmpdir" value="C:\Users\linfante\AppData\Local\Temp\"/>
    <property name="line.separator" value="&#10;"/>
    <property name="java.vm.specification.vendor" value="Oracle Corporation"/>
    <property name="user.variant" value=""/>
    <property name="os.name" value="Windows 8.1"/>
    <property name="classworlds.conf" value="C:\apache-maven-3.3.9\bin\m2.conf"/>
    <property name="sun.jnu.encoding" value="Cp1252"/>
    <property name="java.library.path" value="C:\Program Files (x86)\Java\jdk1.8.0_111\bin;C:\Windows\Sun\Java\bin;C:\Windows\system32;C:\Windows;C:\Program Files (x86)\Intel\iCLS Client\;C:\Program Files\Intel\iCLS Client\;C:\ProgramData\Oracle\Java\javapath;C:\Windows\system32;C:\Windows;C:\Windows\System32\Wbem;C:\Windows\System32\WindowsPowerShell\v1.0\;C:\Windows\CCM;C:\Windows\CCM;C:\Program Files\Intel\WiFi\bin\;C:\Program Files\Common Files\Intel\WirelessCommon\;C:\Program Files (x86)\Intel\Intel(R) Management Engine Components\DAL;C:\Program Files\Intel\Intel(R) Management Engine Components\DAL;C:\Program Files (x86)\Intel\Intel(R) Management Engine Components\IPT;C:\Program Files\Intel\Intel(R) Management Engine Components\IPT;C:\Program Files\OpenVPN\bin;C:\Program Files\Git\cmd;C:\Program Files (x86)\Microsoft SQL Server\Client SDK\ODBC\130\Tools\Binn\;C:\Program Files (x86)\Microsoft SQL Server\130\Tools\Binn\;C:\Program Files (x86)\Microsoft SQL Server\130\DTS\Binn\;C:\Program Files (x86)\Microsoft SQL Server\130\Tools\Binn\ManagementStudio\;C:\Program Files\Microsoft SQL Server\130\Tools\Binn\;C:\Program Files (x86)\Java\jdk1.8.0_111\bin;C:\Marionette\geckodriver-v0.13.0-win64;C:\Marionette\chromedriver_win32;C:\Program Files (x86)\Java\jdk1.8.0_111\bin;C:\apache-maven-3.3.9\bin;C:\Program Files (x86)\Skype\Phone\;C:\Program Files (x86)\sbt\bin;C:\Ruby22\bin;C:\Marionette\geckodriver-v0.13.0-win64;C:\Marionette\chromedriver_win32;C:\Program Files\Docker Toolbox;."/>
    <property name="java.specification.name" value="Java Platform API Specification"/>
    <property name="java.class.version" value="52.0"/>
    <property name="sun.management.compiler" value="HotSpot Client Compiler"/>
    <property name="os.version" value="6.3"/>
    <property name="user.home" value="C:\Users\linfante"/>
    <property name="user.timezone" value="America/Bogota"/>
    <property name="java.awt.printerjob" value="sun.awt.windows.WPrinterJob"/>
    <property name="java.specification.version" value="1.8"/>
    <property name="file.encoding" value="Cp1252"/>
    <property name="user.name" value="linfante"/>
    <property name="java.class.path" value="C:\apache-maven-3.3.9\boot\plexus-classworlds-2.5.2.jar"/>
    <property name="java.vm.specification.version" value="1.8"/>
    <property name="sun.arch.data.model" value="32"/>
    <property name="java.home" value="C:\Program Files (x86)\Java\jdk1.8.0_111\jre"/>
    <property name="sun.java.command" value="org.codehaus.plexus.classworlds.launcher.Launcher clean verify"/>
    <property name="java.specification.vendor" value="Oracle Corporation"/>
    <property name="user.language" value="en"/>
    <property name="awt.toolkit" value="sun.awt.windows.WToolkit"/>
    <property name="java.vm.info" value="mixed mode"/>
    <property name="java.version" value="1.8.0_111"/>
    <property name="java.ext.dirs" value="C:\Program Files (x86)\Java\jdk1.8.0_111\jre\lib\ext;C:\Windows\Sun\Java\lib\ext"/>
    <property name="sun.boot.class.path" value="C:\Program Files (x86)\Java\jdk1.8.0_111\jre\lib\resources.jar;C:\Program Files (x86)\Java\jdk1.8.0_111\jre\lib\rt.jar;C:\Program Files (x86)\Java\jdk1.8.0_111\jre\lib\sunrsasign.jar;C:\Program Files (x86)\Java\jdk1.8.0_111\jre\lib\jsse.jar;C:\Program Files (x86)\Java\jdk1.8.0_111\jre\lib\jce.jar;C:\Program Files (x86)\Java\jdk1.8.0_111\jre\lib\charsets.jar;C:\Program Files (x86)\Java\jdk1.8.0_111\jre\lib\jfr.jar;C:\Program Files (x86)\Java\jdk1.8.0_111\jre\classes"/>
    <property name="sun.stderr.encoding" value="cp437"/>
    <property name="java.vendor" value="Oracle Corporation"/>
    <property name="maven.home" value="C:\apache-maven-3.3.9"/>
    <property name="file.separator" value="\"/>
    <property name="java.vendor.url.bug" value="http://bugreport.sun.com/bugreport/"/>
    <property name="sun.cpu.endian" value="little"/>
    <property name="sun.io.unicode.encoding" value="UnicodeLittle"/>
    <property name="sun.stdout.encoding" value="cp437"/>
    <property name="sun.desktop" value="windows"/>
    <property name="sun.cpu.isalist" value="pentium_pro+mmx pentium_pro pentium+mmx pentium i486 i386 i86"/>
  </properties>
  <testcase name="Given the user is on the Wikionary home page" classname="Scenario: Looking up the definition of &apos;apple&apos;" time="0">
    <skipped/>
    <system-err><![CDATA[[main] INFO net.thucydides.core.util.PropertiesFileLocalPreferences - serenity.project.name=Demo Project using Serenity and Cucumber
[main] INFO net.serenitybdd.core.Serenity - 

-------------------------------------------------------------------------------------
     _______. _______ .______       _______ .__   __.  __  .___________.____    ____ 
    /       ||   ____||   _  \     |   ____||  \ |  | |  | |           |\   \  /   / 
   |   (----`|  |__   |  |_)  |    |  |__   |   \|  | |  | `---|  |----` \   \/   /  
    \   \    |   __|  |      /     |   __|  |  . `  | |  |     |  |       \_    _/   
.----)   |   |  |____ |  |\  \----.|  |____ |  |\   | |  |     |  |         |  |     
|_______/    |_______|| _| `._____||_______||__| \__| |__|     |__|         |__|    
-------------------------------------------------------------------------------------

[main] INFO net.serenitybdd.core.Serenity - Test Suite Started: Lookup a definition
[main] INFO net.serenitybdd.core.Serenity - 
 _____ _____ ____ _____   ____ _____  _    ____ _____ _____ ____  
|_   _| ____/ ___|_   _| / ___|_   _|/ \  |  _ \_   _| ____|  _ \ 
  | | |  _| \___ \ | |   \___ \ | | / _ \ | |_) || | |  _| | | | |
  | | | |___ ___) || |    ___) || |/ ___ \|  _ < | | | |___| |_| |
  |_| |_____|____/ |_|   |____/ |_/_/   \_\_| \_\|_| |_____|____/ 
                                                                  

TEST STARTED: Looking up the definition of 'apple'
-------------------------------------------------------------------(lookup-a-definition;looking-up-the-definition-of-'apple')
]]></system-err>
  </testcase>
  <testcase name="When the user looks up the definition of the word &apos;apple&apos;" classname="Scenario: Looking up the definition of &apos;apple&apos;" time="0">
    <skipped/>
    <system-err><![CDATA[[main] INFO net.serenitybdd.core.Serenity - TEST PENDING
]]></system-err>
  </testcase>
  <testcase name="Then they should see the definition &apos;A common, round fruit produced by the tree Malus domestica, cultivated in temperate climates.&apos;" classname="Scenario: Looking up the definition of &apos;apple&apos;" time="0">
    <skipped/>
    <system-err><![CDATA[[main] INFO net.serenitybdd.core.Serenity - TEST PENDING
]]></system-err>
  </testcase>
  <testcase name="Scenario: Looking up the definition of &apos;apple&apos;" classname="Scenario: Looking up the definition of &apos;apple&apos;" time="0">
    <skipped/>
    <system-err><![CDATA[[main] INFO net.serenitybdd.core.Serenity - TEST PENDING
[main] INFO net.serenitybdd.core.Serenity - 
          __  _____ _____ ____ _____   ____  _____ _   _ ____ ___ _   _  ____ 
 _       / / |_   _| ____/ ___|_   _| |  _ \| ____| \ | |  _ \_ _| \ | |/ ___|
(_)____ / /    | | |  _| \___ \ | |   | |_) |  _| |  \| | | | | ||  \| | |  _ 
 |_____/ /     | | | |___ ___) || |   |  __/| |___| |\  | |_| | || |\  | |_| |
(_)   /_/      |_| |_____|____/ |_|   |_|   |_____|_| \_|____/___|_| \_|\____|
                                                                                

TEST PENDING: Looking up the definition of 'apple'
---------------------------------------------------------------------------------
[pool-1-thread-1] INFO net.thucydides.core.reports.json.JSONTestOutcomeReporter - Generating JSON report for Looking up the definition of 'apple' to file C:\Users\linfante\Documents\Repos\simpleimsautomation\target\site\serenity\6819e4caa016fca19d69755e1a276d0575da5b331cd25f2a2353f483b375819a.json (using temp file C:\Users\linfante\Documents\Repos\simpleimsautomation\target\site\serenity\6819e4caa016fca19d69755e1a276d0575da5b331cd25f2a2353f483b375819a.jsonfa82fd92-3b8d-4608-ab02-06c45dcd898d)
[pool-1-thread-2] INFO net.thucydides.core.reports.html.HtmlAcceptanceTestReporter - GENERATING HTML REPORT FOR Lookup a definition:Looking up the definition of 'apple' in 6819e4caa016fca19d69755e1a276d0575da5b331cd25f2a2353f483b375819a.html in directory target\site\serenity  
]]></system-err>
  </testcase>
  <testcase name="Scenario: Looking up the definition of &apos;apple&apos;" classname="Scenario: Looking up the definition of &apos;apple&apos;" time="2.669"/>
  <testcase name="Given the user is on the Wikionary home page" classname="Scenario: Looking up the definition of &apos;pear&apos;" time="0">
    <skipped/>
    <system-err><![CDATA[[main] INFO net.serenitybdd.core.Serenity - 
 _____ _____ ____ _____   ____ _____  _    ____ _____ _____ ____  
|_   _| ____/ ___|_   _| / ___|_   _|/ \  |  _ \_   _| ____|  _ \ 
  | | |  _| \___ \ | |   \___ \ | | / _ \ | |_) || | |  _| | | | |
  | | | |___ ___) || |    ___) || |/ ___ \|  _ < | | | |___| |_| |
  |_| |_____|____/ |_|   |____/ |_/_/   \_\_| \_\|_| |_____|____/ 
                                                                  

TEST STARTED: Looking up the definition of 'pear'
-------------------------------------------------------------------(lookup-a-definition;looking-up-the-definition-of-'pear')
]]></system-err>
  </testcase>
  <testcase name="When the user looks up the definition of the word &apos;pear&apos;" classname="Scenario: Looking up the definition of &apos;pear&apos;" time="0">
    <skipped/>
    <system-err><![CDATA[[main] INFO net.serenitybdd.core.Serenity - TEST PENDING
]]></system-err>
  </testcase>
  <testcase name="Then they should see the definition &apos;An edible fruit produced by the pear tree, similar to an apple but elongated towards the stem.&apos;" classname="Scenario: Looking up the definition of &apos;pear&apos;" time="0">
    <skipped/>
    <system-err><![CDATA[[main] INFO net.serenitybdd.core.Serenity - TEST PENDING
]]></system-err>
  </testcase>
  <testcase name="Scenario: Looking up the definition of &apos;pear&apos;" classname="Scenario: Looking up the definition of &apos;pear&apos;" time="0">
    <skipped/>
    <system-err><![CDATA[[main] INFO net.serenitybdd.core.Serenity - TEST PENDING
[main] INFO net.serenitybdd.core.Serenity - 
          __  _____ _____ ____ _____   ____  _____ _   _ ____ ___ _   _  ____ 
 _       / / |_   _| ____/ ___|_   _| |  _ \| ____| \ | |  _ \_ _| \ | |/ ___|
(_)____ / /    | | |  _| \___ \ | |   | |_) |  _| |  \| | | | | ||  \| | |  _ 
 |_____/ /     | | | |___ ___) || |   |  __/| |___| |\  | |_| | || |\  | |_| |
(_)   /_/      |_| |_____|____/ |_|   |_|   |_____|_| \_|____/___|_| \_|\____|
                                                                                

TEST PENDING: Looking up the definition of 'pear'
---------------------------------------------------------------------------------
[pool-1-thread-3] INFO net.thucydides.core.reports.json.JSONTestOutcomeReporter - Generating JSON report for Looking up the definition of 'apple' to file C:\Users\linfante\Documents\Repos\simpleimsautomation\target\site\serenity\6819e4caa016fca19d69755e1a276d0575da5b331cd25f2a2353f483b375819a.json (using temp file C:\Users\linfante\Documents\Repos\simpleimsautomation\target\site\serenity\6819e4caa016fca19d69755e1a276d0575da5b331cd25f2a2353f483b375819a.jsond55eee73-6b7d-4d5b-ad75-f20512c8aa77)
[pool-1-thread-4] INFO net.thucydides.core.reports.json.JSONTestOutcomeReporter - Generating JSON report for Looking up the definition of 'pear' to file C:\Users\linfante\Documents\Repos\simpleimsautomation\target\site\serenity\d4944400d294ff29f77406b981c3153f0356d2f35924138a32dded9ab0c3df12.json (using temp file C:\Users\linfante\Documents\Repos\simpleimsautomation\target\site\serenity\d4944400d294ff29f77406b981c3153f0356d2f35924138a32dded9ab0c3df12.json64e25660-e64f-4055-8daa-c72842f29ae5)
[pool-1-thread-2] INFO net.thucydides.core.reports.html.HtmlAcceptanceTestReporter - GENERATING HTML REPORT FOR Lookup a definition:Looking up the definition of 'pear' in d4944400d294ff29f77406b981c3153f0356d2f35924138a32dded9ab0c3df12.html in directory target\site\serenity  
[pool-1-thread-1] INFO net.thucydides.core.reports.html.HtmlAcceptanceTestReporter - GENERATING HTML REPORT FOR Lookup a definition:Looking up the definition of 'apple' in 6819e4caa016fca19d69755e1a276d0575da5b331cd25f2a2353f483b375819a.html in directory target\site\serenity  
]]></system-err>
  </testcase>
  <testcase name="Scenario: Looking up the definition of &apos;pear&apos;" classname="Scenario: Looking up the definition of &apos;pear&apos;" time="0.043"/>
  <testcase name="Given I login agent" classname="Scenario: Get currently logged in agent" time="0"/>
  <testcase name="When I GET agent info" classname="Scenario: Get currently logged in agent" time="0"/>
  <testcase name="Then Response has a 200 status" classname="Scenario: Get currently logged in agent" time="0"/>
  <testcase name="Scenario: Get currently logged in agent" classname="Scenario: Get currently logged in agent" time="0.08"/>
  <testcase name="Given the user is on the ims home page" classname="Scenario: Go to Home page" time="0"/>
  <testcase name="When the user looks up the definition of the word &apos;pear&apos;" classname="Scenario: Go to Home page" time="0">
    <skipped/>
  </testcase>
  <testcase name="Then they should see the definition &apos;An edible fruit produced by the pear tree, similar to an apple but elongated towards the stem.&apos;" classname="Scenario: Go to Home page" time="0">
    <skipped/>
    <system-err><![CDATA[[main] INFO net.serenitybdd.core.Serenity - TEST PENDING
]]></system-err>
  </testcase>
  <testcase name="Scenario: Go to Home page" classname="Scenario: Go to Home page" time="0">
    <skipped/>
    <system-err><![CDATA[[main] INFO net.serenitybdd.core.Serenity - TEST PENDING
1493849843709	Marionette	INFO	New connections will no longer be accepted
[Child 5648] ###!!! ABORT: Aborting on channel error.: file c:/builds/moz2_slave/m-rel-w32-00000000000000000000/build/src/ipc/glue/MessageChannel.cpp, line 2143
[main] INFO net.serenitybdd.core.Serenity - 
          __  _____ _____ ____ _____   ____  _____ _   _ ____ ___ _   _  ____ 
 _       / / |_   _| ____/ ___|_   _| |  _ \| ____| \ | |  _ \_ _| \ | |/ ___|
(_)____ / /    | | |  _| \___ \ | |   | |_) |  _| |  \| | | | | ||  \| | |  _ 
 |_____/ /     | | | |___ ___) || |   |  __/| |___| |\  | |_| | || |\  | |_| |
(_)   /_/      |_| |_____|____/ |_|   |_|   |_____|_| \_|____/___|_| \_|\____|
                                                                                

TEST PENDING: Go to Home page
---------------------------------------------------------------------------------
[pool-1-thread-3] INFO net.thucydides.core.reports.json.JSONTestOutcomeReporter - Generating JSON report for Looking up the definition of 'apple' to file C:\Users\linfante\Documents\Repos\simpleimsautomation\target\site\serenity\6819e4caa016fca19d69755e1a276d0575da5b331cd25f2a2353f483b375819a.json (using temp file C:\Users\linfante\Documents\Repos\simpleimsautomation\target\site\serenity\6819e4caa016fca19d69755e1a276d0575da5b331cd25f2a2353f483b375819a.json2a27dfb4-4bcd-4194-8881-b6be494cf03e)
[pool-1-thread-2] INFO net.thucydides.core.reports.json.JSONTestOutcomeReporter - Generating JSON report for Looking up the definition of 'pear' to file C:\Users\linfante\Documents\Repos\simpleimsautomation\target\site\serenity\d4944400d294ff29f77406b981c3153f0356d2f35924138a32dded9ab0c3df12.json (using temp file C:\Users\linfante\Documents\Repos\simpleimsautomation\target\site\serenity\d4944400d294ff29f77406b981c3153f0356d2f35924138a32dded9ab0c3df12.jsonb88b1d4c-931f-4a23-abb2-0dd0cce5d124)
[pool-1-thread-1] INFO net.thucydides.core.reports.json.JSONTestOutcomeReporter - Generating JSON report for Get currently logged in agent to file C:\Users\linfante\Documents\Repos\simpleimsautomation\target\site\serenity\75dd26176aa72eddfb6fbcd8f452f128d99e1f789d922b1b335a4b597e877b5b.json (using temp file C:\Users\linfante\Documents\Repos\simpleimsautomation\target\site\serenity\75dd26176aa72eddfb6fbcd8f452f128d99e1f789d922b1b335a4b597e877b5b.json908ed204-d38d-48c3-9f68-a90950f74842)
[pool-1-thread-4] INFO net.thucydides.core.reports.json.JSONTestOutcomeReporter - Generating JSON report for Go to Home page to file C:\Users\linfante\Documents\Repos\simpleimsautomation\target\site\serenity\01d40f69a3b2f7efc2e544b419069abfeed936de625b46b9306ab59e071cb010.json (using temp file C:\Users\linfante\Documents\Repos\simpleimsautomation\target\site\serenity\01d40f69a3b2f7efc2e544b419069abfeed936de625b46b9306ab59e071cb010.jsona04ff4fe-b6c3-4172-aeb1-c2cb1319c981)
[pool-1-thread-3] INFO net.thucydides.core.reports.html.HtmlAcceptanceTestReporter - GENERATING HTML REPORT FOR Lookup a definition:Looking up the definition of 'apple' in 6819e4caa016fca19d69755e1a276d0575da5b331cd25f2a2353f483b375819a.html in directory target\site\serenity  
[pool-1-thread-2] INFO net.thucydides.core.reports.html.HtmlAcceptanceTestReporter - GENERATING HTML REPORT FOR Lookup a definition:Looking up the definition of 'pear' in d4944400d294ff29f77406b981c3153f0356d2f35924138a32dded9ab0c3df12.html in directory target\site\serenity  
[pool-1-thread-4] INFO net.thucydides.core.reports.html.HtmlAcceptanceTestReporter - GENERATING HTML REPORT FOR Getagentinfo:Get currently logged in agent in 75dd26176aa72eddfb6fbcd8f452f128d99e1f789d922b1b335a4b597e877b5b.html in directory target\site\serenity  
[pool-1-thread-1] INFO net.thucydides.core.reports.html.HtmlAcceptanceTestReporter - GENERATING HTML REPORT FOR Go to Home Page:Go to Home page in 01d40f69a3b2f7efc2e544b419069abfeed936de625b46b9306ab59e071cb010.html in directory target\site\serenity  
]]></system-err>
  </testcase>
  <testcase name="Scenario: Go to Home page" classname="Scenario: Go to Home page" time="1.274"/>
</testsuite>